2021-11-22 00:16:37,105 INFO org.springframework.boot.StartupInfoLogger [main] Starting POSApplication using Java 15.0.2 on DESKTOP-LA6NHBM with PID 6360 (C:\Users\Brian Wu\Documents\serai\POS\target\classes started by Brian Wu in C:\Users\Brian Wu\Documents\serai\POS)
2021-11-22 00:16:37,110 INFO org.springframework.boot.SpringApplication [main] No active profile set, falling back to default profiles: default
2021-11-22 00:16:37,993 INFO org.springframework.data.repository.config.RepositoryConfigurationDelegate [main] Bootstrapping Spring Data JPA repositories in DEFAULT mode.
2021-11-22 00:16:38,053 INFO org.springframework.data.repository.config.RepositoryConfigurationDelegate [main] Finished Spring Data repository scanning in 47 ms. Found 1 JPA repository interfaces.
2021-11-22 00:16:38,614 INFO org.springframework.context.support.PostProcessorRegistrationDelegate$BeanPostProcessorChecker [main] Bean 'management.metrics-org.springframework.boot.actuate.autoconfigure.metrics.MetricsProperties' of type [org.springframework.boot.actuate.autoconfigure.metrics.MetricsProperties] is not eligible for getting processed by all BeanPostProcessors (for example: not eligible for auto-proxying)
2021-11-22 00:16:38,615 INFO org.springframework.context.support.PostProcessorRegistrationDelegate$BeanPostProcessorChecker [main] Bean 'org.springframework.boot.actuate.autoconfigure.metrics.data.RepositoryMetricsAutoConfiguration' of type [org.springframework.boot.actuate.autoconfigure.metrics.data.RepositoryMetricsAutoConfiguration] is not eligible for getting processed by all BeanPostProcessors (for example: not eligible for auto-proxying)
2021-11-22 00:16:38,617 INFO org.springframework.context.support.PostProcessorRegistrationDelegate$BeanPostProcessorChecker [main] Bean 'org.springframework.boot.actuate.autoconfigure.metrics.export.simple.SimpleMetricsExportAutoConfiguration' of type [org.springframework.boot.actuate.autoconfigure.metrics.export.simple.SimpleMetricsExportAutoConfiguration] is not eligible for getting processed by all BeanPostProcessors (for example: not eligible for auto-proxying)
2021-11-22 00:16:38,625 INFO org.springframework.context.support.PostProcessorRegistrationDelegate$BeanPostProcessorChecker [main] Bean 'management.metrics.export.simple-org.springframework.boot.actuate.autoconfigure.metrics.export.simple.SimpleProperties' of type [org.springframework.boot.actuate.autoconfigure.metrics.export.simple.SimpleProperties] is not eligible for getting processed by all BeanPostProcessors (for example: not eligible for auto-proxying)
2021-11-22 00:16:38,627 INFO org.springframework.context.support.PostProcessorRegistrationDelegate$BeanPostProcessorChecker [main] Bean 'simpleConfig' of type [org.springframework.boot.actuate.autoconfigure.metrics.export.simple.SimplePropertiesConfigAdapter] is not eligible for getting processed by all BeanPostProcessors (for example: not eligible for auto-proxying)
2021-11-22 00:16:38,629 INFO org.springframework.context.support.PostProcessorRegistrationDelegate$BeanPostProcessorChecker [main] Bean 'org.springframework.boot.actuate.autoconfigure.metrics.MetricsAutoConfiguration' of type [org.springframework.boot.actuate.autoconfigure.metrics.MetricsAutoConfiguration] is not eligible for getting processed by all BeanPostProcessors (for example: not eligible for auto-proxying)
2021-11-22 00:16:38,630 INFO org.springframework.context.support.PostProcessorRegistrationDelegate$BeanPostProcessorChecker [main] Bean 'micrometerClock' of type [io.micrometer.core.instrument.Clock$1] is not eligible for getting processed by all BeanPostProcessors (for example: not eligible for auto-proxying)
2021-11-22 00:16:38,673 INFO org.springframework.context.support.PostProcessorRegistrationDelegate$BeanPostProcessorChecker [main] Bean 'simpleMeterRegistry' of type [io.micrometer.core.instrument.simple.SimpleMeterRegistry] is not eligible for getting processed by all BeanPostProcessors (for example: not eligible for auto-proxying)
2021-11-22 00:16:38,680 INFO org.springframework.context.support.PostProcessorRegistrationDelegate$BeanPostProcessorChecker [main] Bean 'repositoryTagsProvider' of type [org.springframework.boot.actuate.metrics.data.DefaultRepositoryTagsProvider] is not eligible for getting processed by all BeanPostProcessors (for example: not eligible for auto-proxying)
2021-11-22 00:16:38,681 INFO org.springframework.context.support.PostProcessorRegistrationDelegate$BeanPostProcessorChecker [main] Bean 'metricsRepositoryMethodInvocationListener' of type [org.springframework.boot.actuate.metrics.data.MetricsRepositoryMethodInvocationListener] is not eligible for getting processed by all BeanPostProcessors (for example: not eligible for auto-proxying)
2021-11-22 00:16:39,029 INFO org.springframework.boot.web.embedded.tomcat.TomcatWebServer [main] Tomcat initialized with port(s): 8010 (http)
2021-11-22 00:16:39,042 INFO org.apache.juli.logging.DirectJDKLog [main] Initializing ProtocolHandler ["http-nio-8010"]
2021-11-22 00:16:39,043 INFO org.apache.juli.logging.DirectJDKLog [main] Starting service [Tomcat]
2021-11-22 00:16:39,043 INFO org.apache.juli.logging.DirectJDKLog [main] Starting Servlet engine: [Apache Tomcat/9.0.46]
2021-11-22 00:16:39,175 INFO org.apache.juli.logging.DirectJDKLog [main] Initializing Spring embedded WebApplicationContext
2021-11-22 00:16:39,176 INFO org.springframework.boot.web.servlet.context.ServletWebServerApplicationContext [main] Root WebApplicationContext: initialization completed in 2007 ms
2021-11-22 00:16:39,378 INFO org.hibernate.jpa.internal.util.LogHelper [main] HHH000204: Processing PersistenceUnitInfo [name: default]
2021-11-22 00:16:39,436 INFO org.hibernate.Version [main] HHH000412: Hibernate ORM core version 5.4.31.Final
2021-11-22 00:16:39,618 INFO org.hibernate.annotations.common.reflection.java.JavaReflectionManager [main] HCANN000001: Hibernate Commons Annotations {5.1.2.Final}
2021-11-22 00:16:39,725 INFO com.zaxxer.hikari.HikariDataSource [main] HikariPool-1 - Starting...
2021-11-22 00:16:39,909 INFO com.zaxxer.hikari.HikariDataSource [main] HikariPool-1 - Start completed.
2021-11-22 00:16:39,933 INFO org.hibernate.dialect.Dialect [main] HHH000400: Using dialect: org.hibernate.dialect.H2Dialect
2021-11-22 00:16:40,565 INFO org.hibernate.engine.transaction.jta.platform.internal.JtaPlatformInitiator [main] HHH000490: Using JtaPlatform implementation: [org.hibernate.engine.transaction.jta.platform.internal.NoJtaPlatform]
2021-11-22 00:16:40,574 INFO org.springframework.orm.jpa.AbstractEntityManagerFactoryBean [main] Initialized JPA EntityManagerFactory for persistence unit 'default'
2021-11-22 00:16:40,851 INFO org.apache.juli.logging.DirectJDKLog [main] Starting ProtocolHandler ["http-nio-8010"]
2021-11-22 00:16:40,882 INFO org.springframework.boot.web.embedded.tomcat.TomcatWebServer [main] Tomcat started on port(s): 8010 (http) with context path ''
2021-11-22 00:16:40,912 WARN org.springframework.boot.autoconfigure.orm.jpa.JpaBaseConfiguration$JpaWebConfiguration [main] spring.jpa.open-in-view is enabled by default. Therefore, database queries may be performed during view rendering. Explicitly configure spring.jpa.open-in-view to disable this warning
2021-11-22 00:16:40,944 INFO org.springframework.boot.StartupInfoLogger [main] Started POSApplication in 4.272 seconds (JVM running for 4.913)
2021-11-22 00:16:41,005 INFO org.springframework.boot.availability.ApplicationAvailabilityBean [main] Application availability state LivenessState changed to CORRECT
2021-11-22 00:16:41,007 INFO org.springframework.boot.availability.ApplicationAvailabilityBean [main] Application availability state ReadinessState changed to ACCEPTING_TRAFFIC
2021-11-22 00:16:44,285 INFO org.apache.juli.logging.DirectJDKLog [http-nio-8010-exec-1] Initializing Spring DispatcherServlet 'dispatcherServlet'
2021-11-22 00:16:44,286 INFO org.springframework.web.servlet.FrameworkServlet [http-nio-8010-exec-1] Initializing Servlet 'dispatcherServlet'
2021-11-22 00:16:44,362 INFO org.springframework.boot.autoconfigure.web.servlet.WelcomePageHandlerMapping [http-nio-8010-exec-1] Adding welcome page template: index
2021-11-22 00:16:44,549 INFO org.springframework.boot.actuate.endpoint.web.EndpointLinksResolver [http-nio-8010-exec-1] Exposing 1 endpoint(s) beneath base path '/actuator'
2021-11-22 00:16:44,673 INFO org.springframework.web.servlet.FrameworkServlet [http-nio-8010-exec-1] Completed initialization in 387 ms
2021-11-22 00:16:44,708 INFO com.serai.POS.controller.POSController [http-nio-8010-exec-1] Traffic directed to homepage
2021-11-22 00:16:46,381 INFO com.serai.POS.controller.POSController [http-nio-8010-exec-2] Traffic directed to add pizza order page
2021-11-22 00:16:47,998 INFO com.serai.POS.controller.POSController [http-nio-8010-exec-3] Calling pizza order service to persist new pizza order with id:0
2021-11-22 00:16:47,999 INFO com.serai.POS.service.PizzaOrderServiceImpl [http-nio-8010-exec-3] Attemping to persist pizza order with id:0
2021-11-22 00:16:48,070 INFO com.serai.POS.service.PizzaOrderServiceImpl [http-nio-8010-exec-3] New pizza order with id:1 has been persisted
2021-11-22 00:16:48,070 INFO com.serai.POS.controller.POSController [http-nio-8010-exec-3] Traffic redirected to view pizza orders page
2021-11-22 00:16:48,081 INFO com.serai.POS.controller.POSController [http-nio-8010-exec-4] Calling pizza order service to fetch data for all pizza orders
2021-11-22 00:16:48,081 INFO com.serai.POS.service.PizzaOrderServiceImpl [http-nio-8010-exec-4] Fetching all pizza orders from the database
2021-11-22 00:16:48,258 INFO com.serai.POS.service.PizzaOrderServiceImpl [http-nio-8010-exec-4] Fetched a total of 1 pizza orders
2021-11-22 00:16:48,259 INFO com.serai.POS.controller.POSController [http-nio-8010-exec-4] Calling pizza order service to fetch total price for all pizza orders
2021-11-22 00:16:48,261 INFO com.serai.POS.service.PizzaOrderServiceImpl [http-nio-8010-exec-4] Calculating total price for 1 pizza orders
2021-11-22 00:16:48,261 INFO com.serai.POS.service.PizzaOrderServiceImpl [http-nio-8010-exec-4] Calculated total price for 1 pizza orders as $693.0
2021-11-22 00:16:48,261 INFO com.serai.POS.controller.POSController [http-nio-8010-exec-4] Traffic directed to view pizza orders page
2021-11-22 00:16:49,416 INFO com.serai.POS.controller.POSController [http-nio-8010-exec-5] Traffic directed to add pizza order page
2021-11-22 00:16:51,450 INFO com.serai.POS.controller.POSController [http-nio-8010-exec-6] Calling pizza order service to persist new pizza order with id:0
2021-11-22 00:16:51,451 INFO com.serai.POS.service.PizzaOrderServiceImpl [http-nio-8010-exec-6] Attemping to persist pizza order with id:0
2021-11-22 00:16:51,453 INFO com.serai.POS.service.PizzaOrderServiceImpl [http-nio-8010-exec-6] New pizza order with id:2 has been persisted
2021-11-22 00:16:51,454 INFO com.serai.POS.controller.POSController [http-nio-8010-exec-6] Traffic redirected to view pizza orders page
2021-11-22 00:16:51,460 INFO com.serai.POS.controller.POSController [http-nio-8010-exec-7] Calling pizza order service to fetch data for all pizza orders
2021-11-22 00:16:51,460 INFO com.serai.POS.service.PizzaOrderServiceImpl [http-nio-8010-exec-7] Fetching all pizza orders from the database
2021-11-22 00:16:51,461 INFO com.serai.POS.service.PizzaOrderServiceImpl [http-nio-8010-exec-7] Fetched a total of 2 pizza orders
2021-11-22 00:16:51,462 INFO com.serai.POS.controller.POSController [http-nio-8010-exec-7] Calling pizza order service to fetch total price for all pizza orders
2021-11-22 00:16:51,462 INFO com.serai.POS.service.PizzaOrderServiceImpl [http-nio-8010-exec-7] Calculating total price for 2 pizza orders
2021-11-22 00:16:51,462 INFO com.serai.POS.service.PizzaOrderServiceImpl [http-nio-8010-exec-7] Calculated total price for 2 pizza orders as $963.0
2021-11-22 00:16:51,462 INFO com.serai.POS.controller.POSController [http-nio-8010-exec-7] Traffic directed to view pizza orders page
2021-11-22 00:16:54,120 INFO com.serai.POS.controller.POSController [http-nio-8010-exec-8] Calling pizza order service to fetch data for pizza order with id:1
2021-11-22 00:16:54,121 INFO com.serai.POS.service.PizzaOrderServiceImpl [http-nio-8010-exec-8] Fetching pizza order with pizza order id:1
2021-11-22 00:16:54,134 INFO com.serai.POS.service.PizzaOrderServiceImpl [http-nio-8010-exec-8] Fetched pizza order with pizza order id:1
2021-11-22 00:16:54,134 INFO com.serai.POS.controller.POSController [http-nio-8010-exec-8] Traffic directed to update pizza order page
2021-11-22 00:16:55,718 INFO com.serai.POS.controller.POSController [http-nio-8010-exec-9] Calling pizza order service to update pizza order with id:0
2021-11-22 00:16:55,719 INFO com.serai.POS.service.PizzaOrderServiceImpl [http-nio-8010-exec-9] Attemping to update pizza order with id:0
2021-11-22 00:16:55,733 INFO com.serai.POS.service.PizzaOrderServiceImpl [http-nio-8010-exec-9] Pizza order with id:1 has been updated
2021-11-22 00:16:55,734 INFO com.serai.POS.controller.POSController [http-nio-8010-exec-9] Traffic redirected to view pizza orders page
2021-11-22 00:16:55,740 INFO com.serai.POS.controller.POSController [http-nio-8010-exec-10] Calling pizza order service to fetch data for all pizza orders
2021-11-22 00:16:55,741 INFO com.serai.POS.service.PizzaOrderServiceImpl [http-nio-8010-exec-10] Fetching all pizza orders from the database
2021-11-22 00:16:55,742 INFO com.serai.POS.service.PizzaOrderServiceImpl [http-nio-8010-exec-10] Fetched a total of 2 pizza orders
2021-11-22 00:16:55,743 INFO com.serai.POS.controller.POSController [http-nio-8010-exec-10] Calling pizza order service to fetch total price for all pizza orders
2021-11-22 00:16:55,743 INFO com.serai.POS.service.PizzaOrderServiceImpl [http-nio-8010-exec-10] Calculating total price for 2 pizza orders
2021-11-22 00:16:55,743 INFO com.serai.POS.service.PizzaOrderServiceImpl [http-nio-8010-exec-10] Calculated total price for 2 pizza orders as $369.0
2021-11-22 00:16:55,743 INFO com.serai.POS.controller.POSController [http-nio-8010-exec-10] Traffic directed to view pizza orders page
2021-11-22 00:16:57,777 INFO com.serai.POS.controller.POSController [http-nio-8010-exec-1] Calling pizza order service to update pizza order with id:1
2021-11-22 00:16:57,778 INFO com.serai.POS.service.PizzaOrderServiceImpl [http-nio-8010-exec-1] Attemping to delete pizza order with id:1
2021-11-22 00:16:57,795 INFO com.serai.POS.service.PizzaOrderServiceImpl [http-nio-8010-exec-1] Pizza order with id:1 has been deleted
2021-11-22 00:16:57,795 INFO com.serai.POS.controller.POSController [http-nio-8010-exec-1] Traffic redirected to view pizza orders page
2021-11-22 00:16:57,801 INFO com.serai.POS.controller.POSController [http-nio-8010-exec-2] Calling pizza order service to fetch data for all pizza orders
2021-11-22 00:16:57,801 INFO com.serai.POS.service.PizzaOrderServiceImpl [http-nio-8010-exec-2] Fetching all pizza orders from the database
2021-11-22 00:16:57,804 INFO com.serai.POS.service.PizzaOrderServiceImpl [http-nio-8010-exec-2] Fetched a total of 1 pizza orders
2021-11-22 00:16:57,806 INFO com.serai.POS.controller.POSController [http-nio-8010-exec-2] Calling pizza order service to fetch total price for all pizza orders
2021-11-22 00:16:57,806 INFO com.serai.POS.service.PizzaOrderServiceImpl [http-nio-8010-exec-2] Calculating total price for 1 pizza orders
2021-11-22 00:16:57,807 INFO com.serai.POS.service.PizzaOrderServiceImpl [http-nio-8010-exec-2] Calculated total price for 1 pizza orders as $270.0
2021-11-22 00:16:57,808 INFO com.serai.POS.controller.POSController [http-nio-8010-exec-2] Traffic directed to view pizza orders page
2021-11-22 00:16:59,390 INFO com.serai.POS.controller.POSController [http-nio-8010-exec-3] Calling pizza order service to update pizza order with id:2
2021-11-22 00:16:59,392 INFO com.serai.POS.service.PizzaOrderServiceImpl [http-nio-8010-exec-3] Attemping to delete pizza order with id:2
2021-11-22 00:16:59,396 INFO com.serai.POS.service.PizzaOrderServiceImpl [http-nio-8010-exec-3] Pizza order with id:2 has been deleted
2021-11-22 00:16:59,397 INFO com.serai.POS.controller.POSController [http-nio-8010-exec-3] Traffic redirected to view pizza orders page
2021-11-22 00:16:59,407 INFO com.serai.POS.controller.POSController [http-nio-8010-exec-4] Calling pizza order service to fetch data for all pizza orders
2021-11-22 00:16:59,408 INFO com.serai.POS.service.PizzaOrderServiceImpl [http-nio-8010-exec-4] Fetching all pizza orders from the database
2021-11-22 00:16:59,409 INFO com.serai.POS.service.PizzaOrderServiceImpl [http-nio-8010-exec-4] Fetched a total of 0 pizza orders
2021-11-22 00:16:59,409 INFO com.serai.POS.controller.POSController [http-nio-8010-exec-4] Calling pizza order service to fetch total price for all pizza orders
2021-11-22 00:16:59,409 INFO com.serai.POS.service.PizzaOrderServiceImpl [http-nio-8010-exec-4] Calculating total price for 0 pizza orders
2021-11-22 00:16:59,409 INFO com.serai.POS.service.PizzaOrderServiceImpl [http-nio-8010-exec-4] Calculated total price for 0 pizza orders as $0.0
2021-11-22 00:16:59,410 INFO com.serai.POS.controller.POSController [http-nio-8010-exec-4] Traffic directed to view pizza orders page
2021-11-22 00:17:00,240 INFO com.serai.POS.controller.POSController [http-nio-8010-exec-5] Traffic directed to add pizza order page
2021-11-22 00:17:01,853 INFO com.serai.POS.controller.POSController [http-nio-8010-exec-6] Calling pizza order service to persist new pizza order with id:0
2021-11-22 00:17:01,854 INFO com.serai.POS.service.PizzaOrderServiceImpl [http-nio-8010-exec-6] Attemping to persist pizza order with id:0
2021-11-22 00:17:01,858 INFO com.serai.POS.service.PizzaOrderServiceImpl [http-nio-8010-exec-6] New pizza order with id:3 has been persisted
2021-11-22 00:17:01,858 INFO com.serai.POS.controller.POSController [http-nio-8010-exec-6] Traffic redirected to view pizza orders page
2021-11-22 00:17:01,864 INFO com.serai.POS.controller.POSController [http-nio-8010-exec-7] Calling pizza order service to fetch data for all pizza orders
2021-11-22 00:17:01,865 INFO com.serai.POS.service.PizzaOrderServiceImpl [http-nio-8010-exec-7] Fetching all pizza orders from the database
2021-11-22 00:17:01,866 INFO com.serai.POS.service.PizzaOrderServiceImpl [http-nio-8010-exec-7] Fetched a total of 1 pizza orders
2021-11-22 00:17:01,866 INFO com.serai.POS.controller.POSController [http-nio-8010-exec-7] Calling pizza order service to fetch total price for all pizza orders
2021-11-22 00:17:01,866 INFO com.serai.POS.service.PizzaOrderServiceImpl [http-nio-8010-exec-7] Calculating total price for 1 pizza orders
2021-11-22 00:17:01,867 INFO com.serai.POS.service.PizzaOrderServiceImpl [http-nio-8010-exec-7] Calculated total price for 1 pizza orders as $267.0
2021-11-22 00:17:01,867 INFO com.serai.POS.controller.POSController [http-nio-8010-exec-7] Traffic directed to view pizza orders page
2021-11-22 00:17:04,162 INFO com.serai.POS.controller.POSController [http-nio-8010-exec-8] Calling pizza order service to update pizza order with id:3
2021-11-22 00:17:04,163 INFO com.serai.POS.service.PizzaOrderServiceImpl [http-nio-8010-exec-8] Attemping to delete pizza order with id:3
2021-11-22 00:17:04,166 INFO com.serai.POS.service.PizzaOrderServiceImpl [http-nio-8010-exec-8] Pizza order with id:3 has been deleted
2021-11-22 00:17:04,166 INFO com.serai.POS.controller.POSController [http-nio-8010-exec-8] Traffic redirected to view pizza orders page
2021-11-22 00:17:04,175 INFO com.serai.POS.controller.POSController [http-nio-8010-exec-9] Calling pizza order service to fetch data for all pizza orders
2021-11-22 00:17:04,175 INFO com.serai.POS.service.PizzaOrderServiceImpl [http-nio-8010-exec-9] Fetching all pizza orders from the database
2021-11-22 00:17:04,176 INFO com.serai.POS.service.PizzaOrderServiceImpl [http-nio-8010-exec-9] Fetched a total of 0 pizza orders
2021-11-22 00:17:04,176 INFO com.serai.POS.controller.POSController [http-nio-8010-exec-9] Calling pizza order service to fetch total price for all pizza orders
2021-11-22 00:17:04,176 INFO com.serai.POS.service.PizzaOrderServiceImpl [http-nio-8010-exec-9] Calculating total price for 0 pizza orders
2021-11-22 00:17:04,177 INFO com.serai.POS.service.PizzaOrderServiceImpl [http-nio-8010-exec-9] Calculated total price for 0 pizza orders as $0.0
2021-11-22 00:17:04,177 INFO com.serai.POS.controller.POSController [http-nio-8010-exec-9] Traffic directed to view pizza orders page
2021-11-22 00:37:06,671 INFO org.springframework.boot.StartupInfoLogger [main] Starting POSApplication using Java 15.0.2 on DESKTOP-LA6NHBM with PID 14536 (C:\Users\Brian Wu\Documents\serai\POS\target\classes started by Brian Wu in C:\Users\Brian Wu\Documents\serai\POS)
2021-11-22 00:37:06,673 INFO org.springframework.boot.SpringApplication [main] No active profile set, falling back to default profiles: default
2021-11-22 00:37:07,772 INFO org.springframework.data.repository.config.RepositoryConfigurationDelegate [main] Bootstrapping Spring Data JPA repositories in DEFAULT mode.
2021-11-22 00:37:07,831 INFO org.springframework.data.repository.config.RepositoryConfigurationDelegate [main] Finished Spring Data repository scanning in 49 ms. Found 1 JPA repository interfaces.
2021-11-22 00:37:08,464 INFO org.springframework.context.support.PostProcessorRegistrationDelegate$BeanPostProcessorChecker [main] Bean 'management.metrics-org.springframework.boot.actuate.autoconfigure.metrics.MetricsProperties' of type [org.springframework.boot.actuate.autoconfigure.metrics.MetricsProperties] is not eligible for getting processed by all BeanPostProcessors (for example: not eligible for auto-proxying)
2021-11-22 00:37:08,465 INFO org.springframework.context.support.PostProcessorRegistrationDelegate$BeanPostProcessorChecker [main] Bean 'org.springframework.boot.actuate.autoconfigure.metrics.data.RepositoryMetricsAutoConfiguration' of type [org.springframework.boot.actuate.autoconfigure.metrics.data.RepositoryMetricsAutoConfiguration] is not eligible for getting processed by all BeanPostProcessors (for example: not eligible for auto-proxying)
2021-11-22 00:37:08,467 INFO org.springframework.context.support.PostProcessorRegistrationDelegate$BeanPostProcessorChecker [main] Bean 'org.springframework.boot.actuate.autoconfigure.metrics.export.simple.SimpleMetricsExportAutoConfiguration' of type [org.springframework.boot.actuate.autoconfigure.metrics.export.simple.SimpleMetricsExportAutoConfiguration] is not eligible for getting processed by all BeanPostProcessors (for example: not eligible for auto-proxying)
2021-11-22 00:37:08,470 INFO org.springframework.context.support.PostProcessorRegistrationDelegate$BeanPostProcessorChecker [main] Bean 'management.metrics.export.simple-org.springframework.boot.actuate.autoconfigure.metrics.export.simple.SimpleProperties' of type [org.springframework.boot.actuate.autoconfigure.metrics.export.simple.SimpleProperties] is not eligible for getting processed by all BeanPostProcessors (for example: not eligible for auto-proxying)
2021-11-22 00:37:08,472 INFO org.springframework.context.support.PostProcessorRegistrationDelegate$BeanPostProcessorChecker [main] Bean 'simpleConfig' of type [org.springframework.boot.actuate.autoconfigure.metrics.export.simple.SimplePropertiesConfigAdapter] is not eligible for getting processed by all BeanPostProcessors (for example: not eligible for auto-proxying)
2021-11-22 00:37:08,474 INFO org.springframework.context.support.PostProcessorRegistrationDelegate$BeanPostProcessorChecker [main] Bean 'org.springframework.boot.actuate.autoconfigure.metrics.MetricsAutoConfiguration' of type [org.springframework.boot.actuate.autoconfigure.metrics.MetricsAutoConfiguration] is not eligible for getting processed by all BeanPostProcessors (for example: not eligible for auto-proxying)
2021-11-22 00:37:08,475 INFO org.springframework.context.support.PostProcessorRegistrationDelegate$BeanPostProcessorChecker [main] Bean 'micrometerClock' of type [io.micrometer.core.instrument.Clock$1] is not eligible for getting processed by all BeanPostProcessors (for example: not eligible for auto-proxying)
2021-11-22 00:37:08,485 INFO org.springframework.context.support.PostProcessorRegistrationDelegate$BeanPostProcessorChecker [main] Bean 'simpleMeterRegistry' of type [io.micrometer.core.instrument.simple.SimpleMeterRegistry] is not eligible for getting processed by all BeanPostProcessors (for example: not eligible for auto-proxying)
2021-11-22 00:37:08,488 INFO org.springframework.context.support.PostProcessorRegistrationDelegate$BeanPostProcessorChecker [main] Bean 'repositoryTagsProvider' of type [org.springframework.boot.actuate.metrics.data.DefaultRepositoryTagsProvider] is not eligible for getting processed by all BeanPostProcessors (for example: not eligible for auto-proxying)
2021-11-22 00:37:08,489 INFO org.springframework.context.support.PostProcessorRegistrationDelegate$BeanPostProcessorChecker [main] Bean 'metricsRepositoryMethodInvocationListener' of type [org.springframework.boot.actuate.metrics.data.MetricsRepositoryMethodInvocationListener] is not eligible for getting processed by all BeanPostProcessors (for example: not eligible for auto-proxying)
2021-11-22 00:37:08,825 INFO org.springframework.boot.web.embedded.tomcat.TomcatWebServer [main] Tomcat initialized with port(s): 8010 (http)
2021-11-22 00:37:08,842 INFO org.apache.juli.logging.DirectJDKLog [main] Initializing ProtocolHandler ["http-nio-8010"]
2021-11-22 00:37:08,843 INFO org.apache.juli.logging.DirectJDKLog [main] Starting service [Tomcat]
2021-11-22 00:37:08,844 INFO org.apache.juli.logging.DirectJDKLog [main] Starting Servlet engine: [Apache Tomcat/9.0.46]
2021-11-22 00:37:08,978 INFO org.apache.juli.logging.DirectJDKLog [main] Initializing Spring embedded WebApplicationContext
2021-11-22 00:37:08,979 INFO org.springframework.boot.web.servlet.context.ServletWebServerApplicationContext [main] Root WebApplicationContext: initialization completed in 2248 ms
2021-11-22 00:37:09,178 INFO org.hibernate.jpa.internal.util.LogHelper [main] HHH000204: Processing PersistenceUnitInfo [name: default]
2021-11-22 00:37:09,238 INFO org.hibernate.Version [main] HHH000412: Hibernate ORM core version 5.4.31.Final
2021-11-22 00:37:09,399 INFO org.hibernate.annotations.common.reflection.java.JavaReflectionManager [main] HCANN000001: Hibernate Commons Annotations {5.1.2.Final}
2021-11-22 00:37:09,515 INFO com.zaxxer.hikari.HikariDataSource [main] HikariPool-1 - Starting...
2021-11-22 00:37:09,757 INFO com.zaxxer.hikari.HikariDataSource [main] HikariPool-1 - Start completed.
2021-11-22 00:37:09,777 INFO org.hibernate.dialect.Dialect [main] HHH000400: Using dialect: org.hibernate.dialect.H2Dialect
2021-11-22 00:37:10,561 INFO org.hibernate.engine.transaction.jta.platform.internal.JtaPlatformInitiator [main] HHH000490: Using JtaPlatform implementation: [org.hibernate.engine.transaction.jta.platform.internal.NoJtaPlatform]
2021-11-22 00:37:10,571 INFO org.springframework.orm.jpa.AbstractEntityManagerFactoryBean [main] Initialized JPA EntityManagerFactory for persistence unit 'default'
2021-11-22 00:37:11,095 INFO org.apache.juli.logging.DirectJDKLog [main] Starting ProtocolHandler ["http-nio-8010"]
2021-11-22 00:37:11,128 INFO org.springframework.boot.web.embedded.tomcat.TomcatWebServer [main] Tomcat started on port(s): 8010 (http) with context path ''
2021-11-22 00:37:11,167 WARN org.springframework.boot.autoconfigure.orm.jpa.JpaBaseConfiguration$JpaWebConfiguration [main] spring.jpa.open-in-view is enabled by default. Therefore, database queries may be performed during view rendering. Explicitly configure spring.jpa.open-in-view to disable this warning
2021-11-22 00:37:11,209 INFO org.springframework.boot.StartupInfoLogger [main] Started POSApplication in 5.011 seconds (JVM running for 5.671)
2021-11-22 00:37:11,282 INFO org.springframework.boot.availability.ApplicationAvailabilityBean [main] Application availability state LivenessState changed to CORRECT
2021-11-22 00:37:11,283 INFO org.springframework.boot.availability.ApplicationAvailabilityBean [main] Application availability state ReadinessState changed to ACCEPTING_TRAFFIC
2021-11-22 00:37:20,773 INFO org.apache.juli.logging.DirectJDKLog [http-nio-8010-exec-1] Initializing Spring DispatcherServlet 'dispatcherServlet'
2021-11-22 00:37:20,774 INFO org.springframework.web.servlet.FrameworkServlet [http-nio-8010-exec-1] Initializing Servlet 'dispatcherServlet'
2021-11-22 00:37:20,858 INFO org.springframework.boot.autoconfigure.web.servlet.WelcomePageHandlerMapping [http-nio-8010-exec-1] Adding welcome page template: index
2021-11-22 00:37:21,041 INFO org.springframework.boot.actuate.endpoint.web.EndpointLinksResolver [http-nio-8010-exec-1] Exposing 1 endpoint(s) beneath base path '/actuator'
2021-11-22 00:37:21,155 INFO org.springframework.web.servlet.FrameworkServlet [http-nio-8010-exec-1] Completed initialization in 381 ms
2021-11-22 00:37:21,192 INFO com.serai.POS.controller.POSController [http-nio-8010-exec-1] Traffic directed to homepage
2021-11-22 00:37:23,134 INFO com.serai.POS.controller.POSController [http-nio-8010-exec-2] Traffic directed to add pizza order page
2021-11-22 00:37:24,169 INFO com.serai.POS.controller.POSController [http-nio-8010-exec-3] Traffic directed to homepage
2021-11-22 00:37:29,366 INFO com.serai.POS.controller.POSController [http-nio-8010-exec-4] Traffic directed to add pizza order page
2021-11-22 00:37:31,281 INFO com.serai.POS.controller.POSController [http-nio-8010-exec-5] Calling pizza order service to persist new pizza order with id:0
2021-11-22 00:37:31,281 INFO com.serai.POS.service.PizzaOrderServiceImpl [http-nio-8010-exec-5] Attemping to persist pizza order with id:0
2021-11-22 00:37:31,363 INFO com.serai.POS.service.PizzaOrderServiceImpl [http-nio-8010-exec-5] New pizza order with id:1 has been persisted
2021-11-22 00:37:31,363 INFO com.serai.POS.controller.POSController [http-nio-8010-exec-5] Traffic redirected to view pizza orders page
2021-11-22 00:37:31,372 INFO com.serai.POS.controller.POSController [http-nio-8010-exec-6] Calling pizza order service to fetch data for all pizza orders
2021-11-22 00:37:31,372 INFO com.serai.POS.service.PizzaOrderServiceImpl [http-nio-8010-exec-6] Fetching all pizza orders from the database
2021-11-22 00:37:31,560 INFO com.serai.POS.service.PizzaOrderServiceImpl [http-nio-8010-exec-6] Fetched a total of 1 pizza orders
2021-11-22 00:37:31,560 INFO com.serai.POS.controller.POSController [http-nio-8010-exec-6] Calling pizza order service to fetch total price for all pizza orders
2021-11-22 00:37:31,560 INFO com.serai.POS.service.PizzaOrderServiceImpl [http-nio-8010-exec-6] Calculating total price for 1 pizza orders
2021-11-22 00:37:31,560 INFO com.serai.POS.service.PizzaOrderServiceImpl [http-nio-8010-exec-6] Calculated total price for 1 pizza orders as $495.0
2021-11-22 00:37:31,560 INFO com.serai.POS.controller.POSController [http-nio-8010-exec-6] Traffic directed to view pizza orders page
2021-11-22 00:37:32,407 INFO com.serai.POS.controller.POSController [http-nio-8010-exec-7] Traffic directed to add pizza order page
2021-11-22 00:37:34,703 INFO com.serai.POS.controller.POSController [http-nio-8010-exec-8] Calling pizza order service to persist new pizza order with id:0
2021-11-22 00:37:34,704 INFO com.serai.POS.service.PizzaOrderServiceImpl [http-nio-8010-exec-8] Attemping to persist pizza order with id:0
2021-11-22 00:37:34,707 INFO com.serai.POS.service.PizzaOrderServiceImpl [http-nio-8010-exec-8] New pizza order with id:2 has been persisted
2021-11-22 00:37:34,708 INFO com.serai.POS.controller.POSController [http-nio-8010-exec-8] Traffic redirected to view pizza orders page
2021-11-22 00:37:34,717 INFO com.serai.POS.controller.POSController [http-nio-8010-exec-9] Calling pizza order service to fetch data for all pizza orders
2021-11-22 00:37:34,717 INFO com.serai.POS.service.PizzaOrderServiceImpl [http-nio-8010-exec-9] Fetching all pizza orders from the database
2021-11-22 00:37:34,719 INFO com.serai.POS.service.PizzaOrderServiceImpl [http-nio-8010-exec-9] Fetched a total of 2 pizza orders
2021-11-22 00:37:34,719 INFO com.serai.POS.controller.POSController [http-nio-8010-exec-9] Calling pizza order service to fetch total price for all pizza orders
2021-11-22 00:37:34,719 INFO com.serai.POS.service.PizzaOrderServiceImpl [http-nio-8010-exec-9] Calculating total price for 2 pizza orders
2021-11-22 00:37:34,720 INFO com.serai.POS.service.PizzaOrderServiceImpl [http-nio-8010-exec-9] Calculated total price for 2 pizza orders as $675.0
2021-11-22 00:37:34,720 INFO com.serai.POS.controller.POSController [http-nio-8010-exec-9] Traffic directed to view pizza orders page
2021-11-22 00:37:36,073 INFO com.serai.POS.controller.POSController [http-nio-8010-exec-10] Traffic directed to add pizza order page
2021-11-22 00:37:37,562 INFO com.serai.POS.controller.POSController [http-nio-8010-exec-1] Calling pizza order service to persist new pizza order with id:0
2021-11-22 00:37:37,563 INFO com.serai.POS.service.PizzaOrderServiceImpl [http-nio-8010-exec-1] Attemping to persist pizza order with id:0
2021-11-22 00:37:37,564 INFO com.serai.POS.service.PizzaOrderServiceImpl [http-nio-8010-exec-1] New pizza order with id:3 has been persisted
2021-11-22 00:37:37,565 INFO com.serai.POS.controller.POSController [http-nio-8010-exec-1] Traffic redirected to view pizza orders page
2021-11-22 00:37:37,571 INFO com.serai.POS.controller.POSController [http-nio-8010-exec-2] Calling pizza order service to fetch data for all pizza orders
2021-11-22 00:37:37,571 INFO com.serai.POS.service.PizzaOrderServiceImpl [http-nio-8010-exec-2] Fetching all pizza orders from the database
2021-11-22 00:37:37,574 INFO com.serai.POS.service.PizzaOrderServiceImpl [http-nio-8010-exec-2] Fetched a total of 3 pizza orders
2021-11-22 00:37:37,574 INFO com.serai.POS.controller.POSController [http-nio-8010-exec-2] Calling pizza order service to fetch total price for all pizza orders
2021-11-22 00:37:37,574 INFO com.serai.POS.service.PizzaOrderServiceImpl [http-nio-8010-exec-2] Calculating total price for 3 pizza orders
2021-11-22 00:37:37,574 INFO com.serai.POS.service.PizzaOrderServiceImpl [http-nio-8010-exec-2] Calculated total price for 3 pizza orders as $853.0
2021-11-22 00:37:37,574 INFO com.serai.POS.controller.POSController [http-nio-8010-exec-2] Traffic directed to view pizza orders page
2021-11-22 00:37:40,541 INFO com.serai.POS.controller.POSController [http-nio-8010-exec-3] Calling pizza order service to update pizza order with id:2
2021-11-22 00:37:40,542 INFO com.serai.POS.service.PizzaOrderServiceImpl [http-nio-8010-exec-3] Attemping to delete pizza order with id:2
2021-11-22 00:37:40,569 INFO com.serai.POS.service.PizzaOrderServiceImpl [http-nio-8010-exec-3] Pizza order with id:2 has been deleted
2021-11-22 00:37:40,570 INFO com.serai.POS.controller.POSController [http-nio-8010-exec-3] Traffic redirected to view pizza orders page
2021-11-22 00:37:40,580 INFO com.serai.POS.controller.POSController [http-nio-8010-exec-4] Calling pizza order service to fetch data for all pizza orders
2021-11-22 00:37:40,581 INFO com.serai.POS.service.PizzaOrderServiceImpl [http-nio-8010-exec-4] Fetching all pizza orders from the database
2021-11-22 00:37:40,590 INFO com.serai.POS.service.PizzaOrderServiceImpl [http-nio-8010-exec-4] Fetched a total of 2 pizza orders
2021-11-22 00:37:40,590 INFO com.serai.POS.controller.POSController [http-nio-8010-exec-4] Calling pizza order service to fetch total price for all pizza orders
2021-11-22 00:37:40,590 INFO com.serai.POS.service.PizzaOrderServiceImpl [http-nio-8010-exec-4] Calculating total price for 2 pizza orders
2021-11-22 00:37:40,590 INFO com.serai.POS.service.PizzaOrderServiceImpl [http-nio-8010-exec-4] Calculated total price for 2 pizza orders as $673.0
2021-11-22 00:37:40,591 INFO com.serai.POS.controller.POSController [http-nio-8010-exec-4] Traffic directed to view pizza orders page
2021-11-22 00:37:43,230 INFO com.serai.POS.controller.POSController [http-nio-8010-exec-5] Calling pizza order service to update pizza order with id:1
2021-11-22 00:37:43,231 INFO com.serai.POS.service.PizzaOrderServiceImpl [http-nio-8010-exec-5] Attemping to delete pizza order with id:1
2021-11-22 00:37:43,234 INFO com.serai.POS.service.PizzaOrderServiceImpl [http-nio-8010-exec-5] Pizza order with id:1 has been deleted
2021-11-22 00:37:43,235 INFO com.serai.POS.controller.POSController [http-nio-8010-exec-5] Traffic redirected to view pizza orders page
2021-11-22 00:37:43,241 INFO com.serai.POS.controller.POSController [http-nio-8010-exec-6] Calling pizza order service to fetch data for all pizza orders
2021-11-22 00:37:43,241 INFO com.serai.POS.service.PizzaOrderServiceImpl [http-nio-8010-exec-6] Fetching all pizza orders from the database
2021-11-22 00:37:43,242 INFO com.serai.POS.service.PizzaOrderServiceImpl [http-nio-8010-exec-6] Fetched a total of 1 pizza orders
2021-11-22 00:37:43,243 INFO com.serai.POS.controller.POSController [http-nio-8010-exec-6] Calling pizza order service to fetch total price for all pizza orders
2021-11-22 00:37:43,243 INFO com.serai.POS.service.PizzaOrderServiceImpl [http-nio-8010-exec-6] Calculating total price for 1 pizza orders
2021-11-22 00:37:43,243 INFO com.serai.POS.service.PizzaOrderServiceImpl [http-nio-8010-exec-6] Calculated total price for 1 pizza orders as $178.0
2021-11-22 00:37:43,243 INFO com.serai.POS.controller.POSController [http-nio-8010-exec-6] Traffic directed to view pizza orders page
2021-11-22 00:37:47,533 INFO com.serai.POS.controller.POSController [http-nio-8010-exec-7] Calling pizza order service to fetch data for all pizza orders
2021-11-22 00:37:47,534 INFO com.serai.POS.service.PizzaOrderServiceImpl [http-nio-8010-exec-7] Fetching all pizza orders from the database
2021-11-22 00:37:47,538 INFO com.serai.POS.service.PizzaOrderServiceImpl [http-nio-8010-exec-7] Fetched a total of 1 pizza orders
2021-11-22 00:37:47,538 INFO com.serai.POS.controller.POSController [http-nio-8010-exec-7] Calling pizza order service to fetch total price for all pizza orders
2021-11-22 00:37:47,539 INFO com.serai.POS.service.PizzaOrderServiceImpl [http-nio-8010-exec-7] Calculating total price for 1 pizza orders
2021-11-22 00:37:47,539 INFO com.serai.POS.service.PizzaOrderServiceImpl [http-nio-8010-exec-7] Calculated total price for 1 pizza orders as $178.0
2021-11-22 00:37:47,539 INFO com.serai.POS.controller.POSController [http-nio-8010-exec-7] Traffic directed to view pizza orders page
2021-11-22 00:37:47,903 INFO com.serai.POS.controller.POSController [http-nio-8010-exec-8] Traffic directed to add pizza order page
2021-11-22 00:37:48,226 INFO com.serai.POS.controller.POSController [http-nio-8010-exec-9] Calling pizza order service to fetch data for all pizza orders
2021-11-22 00:37:48,226 INFO com.serai.POS.service.PizzaOrderServiceImpl [http-nio-8010-exec-9] Fetching all pizza orders from the database
2021-11-22 00:37:48,229 INFO com.serai.POS.service.PizzaOrderServiceImpl [http-nio-8010-exec-9] Fetched a total of 1 pizza orders
2021-11-22 00:37:48,229 INFO com.serai.POS.controller.POSController [http-nio-8010-exec-9] Calling pizza order service to fetch total price for all pizza orders
2021-11-22 00:37:48,229 INFO com.serai.POS.service.PizzaOrderServiceImpl [http-nio-8010-exec-9] Calculating total price for 1 pizza orders
2021-11-22 00:37:48,229 INFO com.serai.POS.service.PizzaOrderServiceImpl [http-nio-8010-exec-9] Calculated total price for 1 pizza orders as $178.0
2021-11-22 00:37:48,229 INFO com.serai.POS.controller.POSController [http-nio-8010-exec-9] Traffic directed to view pizza orders page
2021-11-22 00:37:48,828 INFO com.serai.POS.controller.POSController [http-nio-8010-exec-10] Traffic directed to add pizza order page
